<?xml version="1.0" encoding="UTF-8"?>
<!-- Generated by org.testng.reporters.JUnitReportReporter -->
<testsuite hostname="ELF-27HarshithaG" failures="0" tests="1" name="testNg.TC_Accouts_006" time="7.664" errors="0" timestamp="2022-01-22T10:06:31 IST" skipped="0">
  <testcase classname="testNg.TC_Accouts_006" name="modifyAccount" time="7.664"/>
  <system-out/>
</testsuite> <!-- testNg.TC_Accouts_006 -->
