<?xml version="1.0" encoding="UTF-8"?>
<!-- Generated by org.testng.reporters.JUnitReportReporter -->
<testsuite hostname="ELF-27HarshithaG" failures="0" tests="1" name="testNg.Login_Script" time="17.889" errors="0" timestamp="2022-01-22T15:27:14 IST" skipped="0">
  <testcase classname="testNg.Login_Script" name="Login" time="17.889"/>
  <system-out/>
</testsuite> <!-- testNg.Login_Script -->
