<?xml version="1.0" encoding="UTF-8"?>
<!-- Generated by org.testng.reporters.JUnitReportReporter -->
<testsuite hostname="ELF-27HarshithaG" failures="0" tests="1" name="vtiger.LoginScript" time="21.948" errors="0" timestamp="2022-01-28T13:17:58 IST" skipped="0">
  <testcase classname="vtiger.LoginScript" name="product" time="21.948"/>
  <system-out>
    <![CDATA[Login page is not displayed successfully
Home page is not displayed successfully]]>
  </system-out>
</testsuite> <!-- vtiger.LoginScript -->
