<?xml version="1.0" encoding="UTF-8"?>
<!-- Generated by org.testng.reporters.JUnitReportReporter -->
<testsuite hostname="ELF-27HarshithaG" failures="0" tests="5" name="testNg.TC_Loans_101" time="50.139" errors="0" timestamp="2022-01-21T16:27:33 IST" skipped="1">
  <testcase classname="testNg.TC_Loans_101" name="lenskart" time="10.834"/>
  <system-out/>
  <testcase classname="testNg.TC_Loans_101" name="flipkart" time="8.525"/>
  <system-out/>
  <testcase classname="testNg.TC_Loans_101" name="flipkart" time="10.202"/>
  <system-out/>
  <testcase classname="testNg.TC_Loans_101" name="lenovo" time="20.578"/>
  <system-out/>
  <testcase classname="testNg.TC_Loans_101" name="amazon">
    <skipped/>
  </testcase> <!-- amazon -->
  <system-out/>
</testsuite> <!-- testNg.TC_Loans_101 -->
